Determining if the pthread_create exist failed with the following output:
Change Dir: /home/mostafa/Downloads/Cpp2/build/CMakeFiles/CMakeTmp

Run Build Command:"/usr/bin/make" "cmTC_6f411/fast"
/usr/bin/make -f CMakeFiles/cmTC_6f411.dir/build.make CMakeFiles/cmTC_6f411.dir/build
make[1]: Entering directory '/home/mostafa/Downloads/Cpp2/build/CMakeFiles/CMakeTmp'
Building C object CMakeFiles/cmTC_6f411.dir/CheckSymbolExists.c.o
/usr/bin/cc    -o CMakeFiles/cmTC_6f411.dir/CheckSymbolExists.c.o   -c /home/mostafa/Downloads/Cpp2/build/CMakeFiles/CMakeTmp/CheckSymbolExists.c
Linking C executable cmTC_6f411
/usr/local/bin/cmake -E cmake_link_script CMakeFiles/cmTC_6f411.dir/link.txt --verbose=1
/usr/bin/cc      -rdynamic CMakeFiles/cmTC_6f411.dir/CheckSymbolExists.c.o  -o cmTC_6f411 
CMakeFiles/cmTC_6f411.dir/CheckSymbolExists.c.o: In function `main':
CheckSymbolExists.c:(.text+0x1b): undefined reference to `pthread_create'
collect2: error: ld returned 1 exit status
CMakeFiles/cmTC_6f411.dir/build.make:86: recipe for target 'cmTC_6f411' failed
make[1]: *** [cmTC_6f411] Error 1
make[1]: Leaving directory '/home/mostafa/Downloads/Cpp2/build/CMakeFiles/CMakeTmp'
Makefile:121: recipe for target 'cmTC_6f411/fast' failed
make: *** [cmTC_6f411/fast] Error 2

File /home/mostafa/Downloads/Cpp2/build/CMakeFiles/CMakeTmp/CheckSymbolExists.c:
/* */
#include <pthread.h>

int main(int argc, char** argv)
{
  (void)argv;
#ifndef pthread_create
  return ((int*)(&pthread_create))[argc];
#else
  (void)argc;
  return 0;
#endif
}

Determining if the function pthread_create exists in the pthreads failed with the following output:
Change Dir: /home/mostafa/Downloads/Cpp2/build/CMakeFiles/CMakeTmp

Run Build Command:"/usr/bin/make" "cmTC_b797f/fast"
/usr/bin/make -f CMakeFiles/cmTC_b797f.dir/build.make CMakeFiles/cmTC_b797f.dir/build
make[1]: Entering directory '/home/mostafa/Downloads/Cpp2/build/CMakeFiles/CMakeTmp'
Building C object CMakeFiles/cmTC_b797f.dir/CheckFunctionExists.c.o
/usr/bin/cc   -DCHECK_FUNCTION_EXISTS=pthread_create   -o CMakeFiles/cmTC_b797f.dir/CheckFunctionExists.c.o   -c /usr/local/share/cmake-3.13/Modules/CheckFunctionExists.c
Linking C executable cmTC_b797f
/usr/local/bin/cmake -E cmake_link_script CMakeFiles/cmTC_b797f.dir/link.txt --verbose=1
/usr/bin/cc  -DCHECK_FUNCTION_EXISTS=pthread_create    -rdynamic CMakeFiles/cmTC_b797f.dir/CheckFunctionExists.c.o  -o cmTC_b797f -lpthreads 
/usr/bin/ld: cannot find -lpthreads
collect2: error: ld returned 1 exit status
CMakeFiles/cmTC_b797f.dir/build.make:86: recipe for target 'cmTC_b797f' failed
make[1]: *** [cmTC_b797f] Error 1
make[1]: Leaving directory '/home/mostafa/Downloads/Cpp2/build/CMakeFiles/CMakeTmp'
Makefile:121: recipe for target 'cmTC_b797f/fast' failed
make: *** [cmTC_b797f/fast] Error 2


